<?xml version="1.0" encoding="UTF-8"?>
<!-- Generated by org.testng.reporters.JUnitReportReporter -->
<testsuite hostname="DESKTOP-V2ONJQQ" failures="0" tests="1" name="tests.MyTest" time="9.610" errors="0" timestamp="2023-04-24T21:05:42 IST" skipped="0">
  <testcase classname="tests.MyTest" name="navigationTest" time="9.610"/>
  <system-out/>
</testsuite> <!-- tests.MyTest -->
